[2025-08-24T19:53:30.810Z] GET /api/products/details/ef91feca-23e5-46ea-831d-5ddb1d8bd436 200 7ms
[2025-08-24T19:53:30.823Z] GET /api/product/detais/ef91feca-23e5-46ea-831d-5ddb1d8bd436 200 1ms
[2025-08-24T19:53:30.834Z] GET /api/logs 200 0ms
[2025-08-24T19:55:44.755Z] GET /api/products/details/ab0bd27a-303f-4e90-802a-ef877008e3b7 200 3ms
[2025-08-24T19:55:46.041Z] GET /api/products/details/ab0bd27a-303f-4e90-802a-ef877008e3b7 200 3ms
[2025-08-24T19:56:26.086Z] GET /api/products 200 2ms
[2025-08-24T19:56:38.986Z] GET /api/products/details/ef91feca-23e5-46ea-831d-5ddb1d8bd436 200 4ms
[2025-08-24T20:08:19.618Z] GET /api/products/seller/MLB123456789 404 3ms
[2025-08-24T20:08:25.659Z] GET /api/products/ef91feca-23e5-46ea-831d-5ddb1d8bd436 200 2ms
[2025-08-24T20:08:42.715Z] GET /api/categories/90cf70ec-0d74-439e-9ab3-6fde1e3a2d10 200 2ms
[2025-08-24T20:08:45.721Z] GET /api/categories 200 2ms
[2025-08-24T20:08:45.721Z] GET /api/categories 200 1ms
[2025-08-24T20:09:00.102Z] PUT /api/sellers/MLB123456789 200 1ms
[2025-08-24T20:09:03.716Z] PUT /api/sellers/MLB123456789 200 2ms
[2025-08-24T20:09:03.716Z] PUT /api/sellers/MLB123456789 200 1ms
[2025-08-24T20:09:04.428Z] PUT /api/sellers/MLB123456789 200 2ms
[2025-08-24T20:09:08.959Z] GET /api/sellers/MLB123456789 200 1ms
[2025-08-24T20:12:29.653Z] PUT /api/products/ab0bd27a-303f-4e90-802a-ef877008e3b7 400 2ms
[2025-08-24T20:12:40.338Z] GET /api-docs/ 304 4ms
[2025-08-24T20:12:40.349Z] GET /api-docs/swagger-ui-bundle.js 304 1ms
[2025-08-24T20:12:40.349Z] GET /api-docs/swagger-ui.css 304 2ms
[2025-08-24T20:12:40.349Z] GET /api-docs/swagger-ui-init.js 200 0ms
[2025-08-24T20:12:40.350Z] GET /api-docs/swagger-ui-standalone-preset.js 304 0ms
[2025-08-24T20:12:54.005Z] GET /api/logs 200 1ms
[2025-08-24T20:20:13.048Z] GET /api/logs 200 1ms
[2025-08-24T20:20:16.589Z] GET /api/products 200 3ms
[2025-08-24T20:20:17.616Z] GET /api/products 200 3ms
[2025-08-24T20:20:18.243Z] GET /api/products 200 3ms
[2025-08-24T20:20:21.041Z] GET /api/products/ef91feca-23e5-46ea-831d-5ddb1d8bd436 200 1ms
[2025-08-24T20:20:22.623Z] GET /api/products/ef91feca-23e5-46ea-831d-5ddb1d8bd436 200 2ms
[2025-08-24T20:20:23.236Z] GET /api/products/ef91feca-23e5-46ea-831d-5ddb1d8bd436 200 2ms
[2025-08-24T20:20:28.036Z] GET /api/products/category/90cf70ec-0d74-439e-9ab3-6fde1e3a2d10 404 1ms
[2025-08-24T20:20:30.064Z] GET /api/products/seller/MLB123456789 404 1ms
[2025-08-24T20:20:34.579Z] GET /api/sellers/MLB123456789 200 1ms
[2025-08-24T20:20:37.488Z] GET /api/sellers 200 1ms
[2025-08-24T20:20:45.832Z] GET /api/categories/90cf70ec-0d74-439e-9ab3-6fde1e3a2d10 200 2ms
[2025-08-24T20:20:50.756Z] POST /api/categories 400 1ms
[2025-08-24T20:20:57.582Z] GET /api/categories 200 1ms
[2025-08-24T20:20:58.390Z] GET /api/categories 200 1ms
[2025-08-24T20:21:14.463Z] POST /api/sellers 400 1ms
[2025-08-24T20:21:28.659Z] POST /api/categories 400 1ms
[2025-08-24T20:21:32.125Z] POST /api/products 400 4ms
[2025-08-24T20:23:02.601Z] POST /api/products 400 2ms
[2025-08-24T20:23:03.893Z] POST /api/products 400 0ms
[2025-08-24T20:23:06.927Z] GET /api/products/details/ef91feca-23e5-46ea-831d-5ddb1d8bd436 200 4ms
[2025-08-24T20:23:10.158Z] GET /api/products/category/90cf70ec-0d74-439e-9ab3-6fde1e3a2d10 404 1ms
[2025-08-24T20:23:13.872Z] PUT /api/sellers/MLB123456789 200 3ms
[2025-08-24T20:23:15.723Z] PUT /api/sellers/MLB123456789 200 2ms
[2025-08-24T20:23:16.915Z] PUT /api/sellers/MLB123456789 200 1ms
[2025-08-24T20:23:16.916Z] PUT /api/sellers/MLB123456789 200 0ms
[2025-08-24T20:23:22.540Z] PUT /api/products/ab0bd27a-303f-4e90-802a-ef877008e3b7 400 0ms
[2025-08-24T20:23:23.293Z] PUT /api/products/ab0bd27a-303f-4e90-802a-ef877008e3b7 400 3ms
[2025-08-24T20:23:24.174Z] PUT /api/products/ab0bd27a-303f-4e90-802a-ef877008e3b7 400 0ms
[2025-08-24T20:23:32.078Z] PUT /api/products/ab0bd27a-303f-4e90-802a-ef877008e3b7 200 2ms
[2025-08-24T20:23:44.227Z] PUT /api/categories/90cf70ec-0d74-439e-9ab3-6fde1e3a2d10 200 4ms
[2025-08-24T20:40:31.961Z] GET /api-docs/ 304 2ms
[2025-08-24T20:40:31.970Z] GET /api-docs/swagger-ui.css 304 1ms
[2025-08-24T20:40:31.970Z] GET /api-docs/swagger-ui-bundle.js 304 1ms
[2025-08-24T20:40:31.971Z] GET /api-docs/swagger-ui-standalone-preset.js 304 0ms
[2025-08-24T20:40:31.971Z] GET /api-docs/swagger-ui-init.js 304 0ms
[2025-08-24T20:40:50.248Z] PUT /api/categories/90cf70ec-0d74-439e-9ab3-6fde1e3a2d10 200 3ms
[2025-08-24T20:40:51.161Z] PUT /api/categories/90cf70ec-0d74-439e-9ab3-6fde1e3a2d10 200 2ms
[2025-08-24T20:40:56.274Z] POST /api/categories 400 1ms
[2025-08-24T20:40:57.231Z] POST /api/categories 400 1ms
[2025-08-24T20:40:58.182Z] POST /api/categories 400 0ms
[2025-08-24T20:41:04.099Z] GET /api/products/ef91feca-23e5-46ea-831d-5ddb1d8bd436 200 1ms
[2025-08-24T20:41:04.980Z] GET /api/products/ef91feca-23e5-46ea-831d-5ddb1d8bd436 200 1ms
[2025-08-24T20:41:07.717Z] GET /api/products 200 1ms
[2025-08-24T20:41:10.541Z] GET /api/products/category/90cf70ec-0d74-439e-9ab3-6fde1e3a2d10 404 0ms
[2025-08-24T20:41:11.316Z] GET /api/products/category/90cf70ec-0d74-439e-9ab3-6fde1e3a2d10 404 1ms
[2025-08-24T20:41:13.475Z] GET /api/products/seller/MLB123456789 404 1ms
[2025-08-24T20:41:14.084Z] GET /api/products/seller/MLB123456789 404 1ms
[2025-08-24T20:43:12.626Z] GET /api/products/seller/MLB123456789 404 1ms
[2025-08-24T20:43:17.261Z] POST /api/products 400 1ms
[2025-08-24T20:43:29.809Z] POST /api/sellers 400 1ms
[2025-08-24T20:43:30.765Z] POST /api/sellers 400 0ms
[2025-08-24T20:43:44.742Z] POST /api/categories 400 1ms
[2025-08-24T20:43:45.553Z] POST /api/categories 400 1ms
[2025-08-24T20:46:53.050Z] GET /api/categories 200 5ms
[2025-08-24T20:46:53.063Z] GET /api/sellers 200 1ms
[2025-08-24T20:46:53.074Z] GET /api/products 200 1ms
[2025-08-24T20:47:58.888Z] POST /api/categories 201 5ms
[2025-08-24T20:47:58.899Z] POST /api/sellers 201 1ms
[2025-08-24T20:47:58.909Z] POST /api/products 201 2ms
[2025-08-24T20:48:57.839Z] POST /api/categories 400 1ms
[2025-08-24T20:49:04.044Z] POST /api/categories 201 3ms
[2025-08-24T20:49:08.894Z] POST /api/sellers 201 3ms
[2025-08-24T20:49:13.948Z] GET /api/products 200 2ms
[2025-08-24T20:49:18.286Z] GET /api/products/seller/MLB123456789 200 2ms
[2025-08-24T20:49:21.437Z] GET /api/products/category/90cf70ec-0d74-439e-9ab3-6fde1e3a2d10 200 2ms
[2025-08-24T20:49:24.918Z] GET /api-docs/ 304 4ms
[2025-08-24T20:49:24.928Z] GET /api-docs/swagger-ui.css 304 1ms
[2025-08-24T20:49:24.928Z] GET /api-docs/swagger-ui-bundle.js 304 0ms
[2025-08-24T20:49:24.930Z] GET /api-docs/swagger-ui-init.js 304 1ms
[2025-08-24T20:49:24.930Z] GET /api-docs/swagger-ui-standalone-preset.js 304 1ms
[2025-08-24T20:50:54.617Z] DELETE /api/products/ef91feca-23e5-46ea-831d-5ddb1d8bd436 204 3ms
[2025-08-24T20:50:56.907Z] DELETE /api/products/ef91feca-23e5-46ea-831d-5ddb1d8bd436 404 2ms
[2025-08-24T20:50:58.069Z] DELETE /api/products/ef91feca-23e5-46ea-831d-5ddb1d8bd436 404 1ms
[2025-08-24T20:51:01.393Z] PUT /api/products/ab0bd27a-303f-4e90-802a-ef877008e3b7 200 4ms
[2025-08-24T20:51:07.280Z] PUT /api/products/ab0bd27a-303f-4e90-802a-ef877008e3b7 200 4ms
[2025-08-24T20:51:39.524Z] DELETE /api/products/ab0bd27a-303f-4e90-802a-ef877008e3b7 204 2ms
[2025-08-24T20:51:40.650Z] DELETE /api/products/ab0bd27a-303f-4e90-802a-ef877008e3b7 404 2ms
[2025-08-25T00:05:17.059Z] GET /api-docs/ 304 2ms
[2025-08-25T00:05:17.068Z] GET /api-docs/swagger-ui.css 304 1ms
[2025-08-25T00:05:17.070Z] GET /api-docs/swagger-ui-init.js 304 0ms
[2025-08-25T00:05:17.070Z] GET /api-docs/swagger-ui-standalone-preset.js 304 0ms
[2025-08-25T00:05:17.071Z] GET /api-docs/swagger-ui-bundle.js 304 0ms
[2025-08-25T00:05:36.252Z] GET /api/products/details/ef91feca-23e5-46ea-831d-5ddb1d8bd436 404 2ms
[2025-08-25T00:05:37.427Z] GET /api/products/details/ef91feca-23e5-46ea-831d-5ddb1d8bd436 404 1ms
[2025-08-25T00:05:41.925Z] GET /api/products 200 2ms
[2025-08-25T00:05:59.357Z] GET /api/products/details/60d68fcb-a54e-4570-8464-5a863e7ba2d0 200 2ms
[2025-08-25T12:28:14.281Z] GET /api/products/details/60d68fcb-a54e-4570-8464-5a863e7ba2d0 200 6ms
[2025-08-25T12:28:15.105Z] GET /api/products/details/60d68fcb-a54e-4570-8464-5a863e7ba2d0 200 4ms
[2025-08-25T12:28:15.105Z] GET /api/products/details/60d68fcb-a54e-4570-8464-5a863e7ba2d0 200 3ms
[2025-08-25T12:28:15.150Z] GET /api/products/details/60d68fcb-a54e-4570-8464-5a863e7ba2d0 200 3ms
[2025-08-25T12:28:15.855Z] GET /api/products/details/60d68fcb-a54e-4570-8464-5a863e7ba2d0 200 2ms
[2025-08-25T12:28:15.857Z] GET /api/products/details/60d68fcb-a54e-4570-8464-5a863e7ba2d0 200 1ms
[2025-08-25T12:28:19.924Z] GET /api/products 200 2ms
[2025-08-25T12:28:20.559Z] GET /api/products 200 1ms
[2025-08-25T12:28:20.560Z] GET /api/products 200 1ms
[2025-08-25T12:28:21.226Z] GET /api/products 200 2ms
[2025-08-25T12:28:21.227Z] GET /api/products 200 1ms
[2025-08-25T12:28:21.242Z] GET /api/products 200 1ms
[2025-08-25T12:28:21.943Z] GET /api/products 200 2ms
[2025-08-25T12:28:21.944Z] GET /api/products 200 1ms
[2025-08-25T12:28:22.538Z] GET /api/products 200 2ms
[2025-08-25T12:28:22.539Z] GET /api/products 200 1ms
[2025-08-25T12:28:23.028Z] GET /api/products 200 1ms
[2025-08-25T12:28:23.030Z] GET /api/products 200 1ms
[2025-08-25T12:28:23.508Z] GET /api/products 200 1ms
[2025-08-25T12:28:23.979Z] GET /api/products 200 1ms
[2025-08-25T12:28:23.980Z] GET /api/products 200 1ms
[2025-08-25T12:28:29.911Z] GET /api/products/details/60d68fcb-a54e-4570-8464-5a863e7ba2d0 200 3ms
[2025-08-25T12:28:29.912Z] GET /api/products/details/60d68fcb-a54e-4570-8464-5a863e7ba2d0 200 3ms
[2025-08-25T12:28:43.255Z] GET /api/products/ef91feca-23e5-46ea-831d-5ddb1d8bd436 404 1ms
[2025-08-25T12:28:44.259Z] GET /api/products/ef91feca-23e5-46ea-831d-5ddb1d8bd436 404 1ms
[2025-08-25T12:28:44.266Z] GET /api/products/ef91feca-23e5-46ea-831d-5ddb1d8bd436 404 0ms
[2025-08-25T12:28:51.463Z] GET /api/products/details/60d68fcb-a54e-4570-8464-5a863e7ba2d0 200 2ms
[2025-08-25T12:29:12.760Z] GET /api/products/60d68fcb-a54e-4570-8464-5a863e7ba2d0 200 0ms
[2025-08-25T12:29:15.175Z] GET /api/products/60d68fcb-a54e-4570-8464-5a863e7ba2d0 200 1ms
[2025-08-25T12:29:15.224Z] GET /api/products/60d68fcb-a54e-4570-8464-5a863e7ba2d0 200 1ms
[2025-08-25T12:29:15.730Z] GET /api/products/60d68fcb-a54e-4570-8464-5a863e7ba2d0 200 1ms
[2025-08-25T12:29:16.203Z] GET /api/products/60d68fcb-a54e-4570-8464-5a863e7ba2d0 200 1ms
[2025-08-25T12:29:16.717Z] GET /api/products/60d68fcb-a54e-4570-8464-5a863e7ba2d0 200 0ms
[2025-08-25T12:29:17.704Z] GET /api/products/60d68fcb-a54e-4570-8464-5a863e7ba2d0 200 1ms
[2025-08-25T12:29:18.426Z] GET /api/products/60d68fcb-a54e-4570-8464-5a863e7ba2d0 200 1ms
[2025-08-25T12:29:18.927Z] GET /api/products/60d68fcb-a54e-4570-8464-5a863e7ba2d0 200 1ms
[2025-08-25T12:36:23.668Z] GET /api/products/category/90cf70ec-0d74-439e-9ab3-6fde1e3a2d10 200 2ms
[2025-08-25T12:36:24.850Z] GET /api/products/category/90cf70ec-0d74-439e-9ab3-6fde1e3a2d10 200 2ms
[2025-08-25T12:36:25.307Z] GET /api/products/category/90cf70ec-0d74-439e-9ab3-6fde1e3a2d10 200 1ms
[2025-08-25T12:36:25.882Z] GET /api/products/category/90cf70ec-0d74-439e-9ab3-6fde1e3a2d10 200 1ms
[2025-08-25T12:36:25.883Z] GET /api/products/category/90cf70ec-0d74-439e-9ab3-6fde1e3a2d10 200 0ms
[2025-08-25T12:36:25.884Z] GET /api/products/category/90cf70ec-0d74-439e-9ab3-6fde1e3a2d10 200 1ms
[2025-08-25T12:36:26.364Z] GET /api/products/category/90cf70ec-0d74-439e-9ab3-6fde1e3a2d10 200 1ms
[2025-08-25T12:36:26.365Z] GET /api/products/category/90cf70ec-0d74-439e-9ab3-6fde1e3a2d10 200 1ms
[2025-08-25T12:36:32.356Z] GET /api/categories/90cf70ec-0d74-439e-9ab3-6fde1e3a2d10 200 1ms
[2025-08-25T12:36:32.358Z] GET /api/categories/90cf70ec-0d74-439e-9ab3-6fde1e3a2d10 200 1ms
[2025-08-25T12:36:39.256Z] GET /api/categories 200 1ms
[2025-08-25T12:36:39.257Z] GET /api/categories 200 1ms
[2025-08-25T12:36:40.057Z] GET /api/categories 200 1ms
[2025-08-25T12:36:40.063Z] GET /api/categories 200 1ms
[2025-08-25T12:40:12.674Z] GET /api/products/seller/MLB123456789 200 1ms
[2025-08-25T12:40:13.260Z] GET /api/products/seller/MLB123456789 200 2ms
[2025-08-25T12:40:13.302Z] GET /api/products/seller/MLB123456789 200 1ms
[2025-08-25T12:40:14.030Z] GET /api/products/seller/MLB123456789 200 1ms
[2025-08-25T12:40:14.516Z] GET /api/products/seller/MLB123456789 200 1ms
[2025-08-25T12:40:14.557Z] GET /api/products/seller/MLB123456789 200 1ms
[2025-08-25T12:40:15.134Z] GET /api/products/seller/MLB123456789 200 1ms
[2025-08-25T12:40:15.143Z] GET /api/products/seller/MLB123456789 200 2ms
[2025-08-25T12:40:15.603Z] GET /api/products/seller/MLB123456789 200 2ms
[2025-08-25T12:40:16.375Z] GET /api/products/seller/MLB123456789 200 1ms
[2025-08-25T12:40:17.149Z] GET /api/products/seller/MLB123456789 200 1ms
[2025-08-25T12:42:08.432Z] GET /api/logs 200 1ms
[2025-08-25T12:42:49.615Z] POST /api/sellers 400 4ms
[2025-08-25T13:33:11.061Z] GET /api-docs/ 304 5ms
[2025-08-25T13:33:11.070Z] GET /api-docs/swagger-ui.css 304 1ms
[2025-08-25T13:33:11.071Z] GET /api-docs/swagger-ui-bundle.js 304 1ms
[2025-08-25T13:33:11.072Z] GET /api-docs/swagger-ui-init.js 200 1ms
[2025-08-25T13:33:11.071Z] GET /api-docs/swagger-ui-standalone-preset.js 304 0ms
[2025-08-25T13:33:11.228Z] GET /api-docs/favicon-32x32.png 200 3ms
[2025-08-25T14:01:31.771Z] GET /api-docs/ 304 7ms
[2025-08-25T14:01:31.782Z] GET /api-docs/swagger-ui-init.js 304 0ms
[2025-08-25T14:01:31.784Z] GET /api-docs/swagger-ui.css 200 3ms
[2025-08-25T14:01:31.785Z] GET /api-docs/swagger-ui-standalone-preset.js 200 2ms
[2025-08-25T14:01:31.786Z] GET /api-docs/swagger-ui-bundle.js 200 6ms
[2025-08-25T14:01:49.198Z] GET /api-docs/ 304 1ms
[2025-08-25T14:01:49.238Z] GET /api-docs/swagger-ui.css 304 0ms
[2025-08-25T14:01:49.242Z] GET /api-docs/swagger-ui-init.js 304 0ms
[2025-08-25T14:01:49.241Z] GET /api-docs/swagger-ui-standalone-preset.js 304 0ms
[2025-08-25T14:01:49.245Z] GET /api-docs/swagger-ui-bundle.js 200 5ms
[2025-08-25T14:02:38.954Z] GET /api/products 200 4ms
[2025-08-25T14:19:59.678Z] GET /api/products/details/f262b546-85d5-43bd-b201-f77e96b88eba 200 11ms
[2025-08-25T14:19:59.678Z] GET /api/products/details/f262b546-85d5-43bd-b201-f77e96b88eba 200 6ms
[2025-08-25T14:20:02.463Z] GET /api/products/details/f262b546-85d5-43bd-b201-f77e96b88eba 200 6ms
[2025-08-25T14:20:03.207Z] GET /api/products/details/f262b546-85d5-43bd-b201-f77e96b88eba 200 3ms
[2025-08-25T14:20:03.843Z] GET /api/products/details/f262b546-85d5-43bd-b201-f77e96b88eba 200 3ms
[2025-08-25T14:20:04.385Z] GET /api/products/details/f262b546-85d5-43bd-b201-f77e96b88eba 200 3ms
[2025-08-25T14:20:04.386Z] GET /api/products/details/f262b546-85d5-43bd-b201-f77e96b88eba 200 3ms
[2025-08-25T14:20:31.354Z] GET /api/products 200 1ms
[2025-08-25T14:20:31.354Z] GET /api/products 200 2ms
[2025-08-25T14:20:46.202Z] GET /api/products/details/ef91feca-23e5-46ea-831d-5ddb1d8bd436 200 2ms
[2025-08-25T14:24:27.131Z] GET /api/products/details/f262b546-85d5-43bd-b201-f77e96b88eba 200 3ms
[2025-08-25T14:24:40.444Z] GET /api/products/details/f262b546-85d5-43bd-b201-f77e96b88eba 200 7ms
[2025-08-25T14:24:41.354Z] GET /api/products/details/f262b546-85d5-43bd-b201-f77e96b88eba 200 3ms
[2025-08-25T14:24:42.008Z] GET /api/products/details/f262b546-85d5-43bd-b201-f77e96b88eba 200 8ms
[2025-08-25T14:24:42.009Z] GET /api/products/details/f262b546-85d5-43bd-b201-f77e96b88eba 200 6ms
[2025-08-25T14:25:31.304Z] GET /api/products/details/f262b546-85d5-43bd-b201-f77e96b88eba 200 8ms
[2025-08-25T14:29:18.091Z] GET /api/products/details/f262b546-85d5-43bd-b201-f77e96b88eba 200 7ms
[2025-08-25T14:29:18.092Z] GET /api/products/details/f262b546-85d5-43bd-b201-f77e96b88eba 200 6ms
[2025-08-25T14:29:56.050Z] GET /api/products/details/f262b546-85d5-43bd-b201-f77e96b88eba 200 2ms
[2025-08-25T15:54:17.854Z] GET /api/products/details/f262b546-85d5-43bd-b201-f77e96b88eba 200 4ms
[2025-08-25T15:54:17.853Z] GET /api/products/details/f262b546-85d5-43bd-b201-f77e96b88eba 200 6ms
[2025-08-25T15:54:19.029Z] GET /api/products/details/f262b546-85d5-43bd-b201-f77e96b88eba 200 3ms
[2025-08-25T15:54:19.720Z] GET /api/products/details/f262b546-85d5-43bd-b201-f77e96b88eba 200 3ms
[2025-08-25T15:54:19.786Z] GET /api/products/details/f262b546-85d5-43bd-b201-f77e96b88eba 200 3ms
[2025-08-25T15:54:20.277Z] GET /api/products/details/f262b546-85d5-43bd-b201-f77e96b88eba 200 0ms
[2025-08-25T15:54:20.278Z] GET /api/products/details/f262b546-85d5-43bd-b201-f77e96b88eba 200 1ms
[2025-08-25T15:54:20.292Z] GET /api/products/details/f262b546-85d5-43bd-b201-f77e96b88eba 200 1ms
[2025-08-25T15:54:20.758Z] GET /api/products/details/f262b546-85d5-43bd-b201-f77e96b88eba 200 3ms
[2025-08-25T15:54:20.768Z] GET /api/products/details/f262b546-85d5-43bd-b201-f77e96b88eba 200 2ms
[2025-08-25T15:54:21.237Z] GET /api/products/details/f262b546-85d5-43bd-b201-f77e96b88eba 200 3ms
[2025-08-25T15:54:21.238Z] GET /api/products/details/f262b546-85d5-43bd-b201-f77e96b88eba 200 4ms
[2025-08-25T15:54:23.005Z] GET /api/products/details/f262b546-85d5-43bd-b201-f77e96b88eba 200 3ms
[2025-08-25T15:54:23.006Z] GET /api/products/details/f262b546-85d5-43bd-b201-f77e96b88eba 200 4ms
[2025-08-25T15:54:23.435Z] GET /api/products/details/f262b546-85d5-43bd-b201-f77e96b88eba 200 2ms
[2025-08-25T15:54:23.482Z] GET /api/products/details/f262b546-85d5-43bd-b201-f77e96b88eba 200 3ms
[2025-08-25T15:54:23.936Z] GET /api/products/details/f262b546-85d5-43bd-b201-f77e96b88eba 200 2ms
[2025-08-25T15:54:23.944Z] GET /api/products/details/f262b546-85d5-43bd-b201-f77e96b88eba 200 3ms
[2025-08-25T15:54:24.201Z] GET /api/products/details/f262b546-85d5-43bd-b201-f77e96b88eba 200 3ms
[2025-08-25T15:54:24.320Z] GET /api/products/details/f262b546-85d5-43bd-b201-f77e96b88eba 200 2ms
[2025-08-25T15:54:24.678Z] GET /api/products/details/f262b546-85d5-43bd-b201-f77e96b88eba 200 2ms
[2025-08-25T15:54:24.679Z] GET /api/products/details/f262b546-85d5-43bd-b201-f77e96b88eba 200 2ms
[2025-08-25T15:54:25.135Z] GET /api/products/details/f262b546-85d5-43bd-b201-f77e96b88eba 200 5ms
[2025-08-25T15:54:25.135Z] GET /api/products/details/f262b546-85d5-43bd-b201-f77e96b88eba 200 4ms
[2025-08-25T15:54:25.553Z] GET /api/products/details/f262b546-85d5-43bd-b201-f77e96b88eba 200 1ms
[2025-08-25T15:54:25.596Z] GET /api/products/details/f262b546-85d5-43bd-b201-f77e96b88eba 200 3ms
[2025-08-25T15:54:28.199Z] GET /api/products/seller/MLB123456789 200 1ms
[2025-08-25T15:54:29.059Z] GET /api/products/seller/MLB123456789 200 1ms
[2025-08-25T15:54:30.095Z] GET /api/products/seller/MLB123456789 200 1ms
[2025-08-25T15:54:30.096Z] GET /api/products/seller/MLB123456789 200 2ms
[2025-08-25T15:54:30.933Z] GET /api/products/seller/MLB123456789 200 1ms
[2025-08-25T15:54:31.553Z] GET /api/products/seller/MLB123456789 200 1ms
[2025-08-25T15:54:31.554Z] GET /api/products/seller/MLB123456789 200 1ms
[2025-08-25T15:54:31.563Z] GET /api/products/seller/MLB123456789 200 1ms
[2025-08-25T15:54:34.193Z] GET /api/products/category/90cf70ec-0d74-439e-9ab3-6fde1e3a2d10 200 1ms
[2025-08-25T15:54:34.855Z] GET /api/products/category/90cf70ec-0d74-439e-9ab3-6fde1e3a2d10 200 2ms
[2025-08-25T15:54:34.864Z] GET /api/products/category/90cf70ec-0d74-439e-9ab3-6fde1e3a2d10 200 1ms
[2025-08-25T15:54:35.515Z] GET /api/products/category/90cf70ec-0d74-439e-9ab3-6fde1e3a2d10 200 1ms
[2025-08-25T15:54:38.385Z] GET /api/products/60d68fcb-a54e-4570-8464-5a863e7ba2d0 200 2ms
[2025-08-25T15:54:39.051Z] GET /api/products/60d68fcb-a54e-4570-8464-5a863e7ba2d0 200 2ms
[2025-08-25T15:54:39.617Z] GET /api/products/60d68fcb-a54e-4570-8464-5a863e7ba2d0 200 1ms
[2025-08-25T15:54:42.034Z] GET /api/products 200 2ms
[2025-08-25T15:54:42.652Z] GET /api/products 200 1ms
[2025-08-25T15:54:46.679Z] GET /api/sellers/MLB123456789 200 1ms
[2025-08-25T15:54:47.354Z] GET /api/sellers/MLB123456789 200 1ms
[2025-08-25T15:54:47.360Z] GET /api/sellers/MLB123456789 200 1ms
[2025-08-25T15:54:50.228Z] GET /api/sellers 200 1ms
[2025-08-25T15:54:50.835Z] GET /api/sellers 200 0ms
[2025-08-25T15:54:50.837Z] GET /api/sellers 200 1ms
[2025-08-25T15:54:51.370Z] GET /api/sellers 200 1ms
[2025-08-25T15:54:51.434Z] GET /api/sellers 200 0ms
[2025-08-25T15:54:52.165Z] GET /api/sellers 200 1ms
[2025-08-25T15:54:52.167Z] GET /api/sellers 200 0ms
[2025-08-25T15:54:52.624Z] GET /api/sellers 200 1ms
[2025-08-25T15:54:52.662Z] GET /api/sellers 200 1ms
[2025-08-25T15:54:52.669Z] GET /api/sellers 200 1ms
[2025-08-25T15:54:55.792Z] GET /api/categories/90cf70ec-0d74-439e-9ab3-6fde1e3a2d10 200 1ms
[2025-08-25T15:54:55.794Z] GET /api/categories/90cf70ec-0d74-439e-9ab3-6fde1e3a2d10 200 1ms
[2025-08-25T15:54:56.395Z] GET /api/categories/90cf70ec-0d74-439e-9ab3-6fde1e3a2d10 200 1ms
[2025-08-25T15:54:56.402Z] GET /api/categories/90cf70ec-0d74-439e-9ab3-6fde1e3a2d10 200 1ms
[2025-08-25T15:54:56.928Z] GET /api/categories/90cf70ec-0d74-439e-9ab3-6fde1e3a2d10 200 1ms
[2025-08-25T15:54:56.930Z] GET /api/categories/90cf70ec-0d74-439e-9ab3-6fde1e3a2d10 200 0ms
[2025-08-25T15:54:59.496Z] GET /api/categories 200 1ms
[2025-08-25T15:54:59.497Z] GET /api/categories 200 1ms
[2025-08-25T15:55:00.018Z] GET /api/categories 200 1ms
[2025-08-25T15:55:00.019Z] GET /api/categories 200 0ms
[2025-08-25T15:55:00.490Z] GET /api/categories 200 1ms
[2025-08-25T16:34:58.313Z] GET /api/categories 200 10ms
[2025-08-25T16:34:58.316Z] GET /api/categories 200 3ms
[2025-08-25T16:34:58.999Z] GET /api/categories 200 3ms
[2025-08-25T16:34:58.999Z] GET /api/categories 200 2ms
[2025-08-25T16:34:59.667Z] GET /api/categories 200 1ms
[2025-08-25T16:35:00.211Z] GET /api/categories 200 1ms
[2025-08-25T16:35:00.694Z] GET /api/categories 200 1ms
[2025-08-25T16:35:01.144Z] GET /api/categories 200 1ms
[2025-08-25T16:35:01.655Z] GET /api/categories 200 1ms
[2025-08-25T16:35:02.234Z] GET /api/categories 200 1ms
[2025-08-25T16:35:06.415Z] GET /api/products 200 2ms
[2025-08-25T16:35:06.961Z] GET /api/products 200 1ms
[2025-08-25T16:35:06.962Z] GET /api/products 200 2ms
[2025-08-25T16:35:07.541Z] GET /api/products 200 2ms
[2025-08-25T16:35:08.147Z] GET /api/products 200 3ms
[2025-08-25T16:35:08.148Z] GET /api/products 200 1ms
[2025-08-25T16:35:08.675Z] GET /api/products 200 1ms
[2025-08-25T16:35:09.124Z] GET /api/products 200 2ms
[2025-08-25T16:35:09.556Z] GET /api/products 200 1ms
[2025-08-25T16:35:09.981Z] GET /api/products 200 2ms
[2025-08-25T16:35:10.511Z] GET /api/products 200 1ms
[2025-08-25T16:35:11.063Z] GET /api/products 200 2ms
[2025-08-25T16:35:11.492Z] GET /api/products 200 1ms
[2025-08-25T16:35:11.884Z] GET /api/products 200 2ms
[2025-08-25T16:35:12.187Z] GET /api/products 200 2ms
[2025-08-25T16:35:12.384Z] GET /api/products 200 1ms
[2025-08-25T16:35:12.798Z] GET /api/products 200 2ms
[2025-08-25T16:35:13.021Z] GET /api/products 200 2ms
[2025-08-25T16:35:13.177Z] GET /api/products 200 1ms
[2025-08-25T16:35:13.221Z] GET /api/products 200 1ms
[2025-08-25T16:35:13.404Z] GET /api/products 200 1ms
[2025-08-25T16:35:13.602Z] GET /api/products 200 1ms
[2025-08-25T16:35:13.794Z] GET /api/products 200 1ms
[2025-08-25T16:35:13.965Z] GET /api/products 200 1ms
[2025-08-25T16:51:45.442Z] GET /api/products 200 7ms
[2025-08-25T16:51:45.443Z] GET /api/products 200 5ms
[2025-08-25T16:51:46.132Z] GET /api/products 200 2ms
[2025-08-25T16:51:49.700Z] PUT /api/products/ab0bd27a-303f-4e90-802a-ef877008e3b7 200 3ms
[2025-08-25T16:51:51.509Z] PUT /api/products/ab0bd27a-303f-4e90-802a-ef877008e3b7 200 3ms
[2025-08-25T16:51:52.121Z] PUT /api/products/ab0bd27a-303f-4e90-802a-ef877008e3b7 200 3ms
[2025-08-25T16:51:57.699Z] POST /api/products 400 11ms
[2025-08-25T16:52:19.628Z] GET /api/sellers 200 1ms
[2025-08-25T16:52:32.211Z] POST /api/products 201 14ms
[2025-08-25T16:52:46.016Z] GET /api/products 200 1ms
[2025-08-25T16:52:48.982Z] GET /api/products/60d68fcb-a54e-4570-8464-5a863e7ba2d0 200 2ms
[2025-08-25T16:52:51.100Z] GET /api/products/seller/MLB123456789 200 1ms
[2025-08-25T16:53:03.438Z] GET /api/sellers/MLB123456789 200 1ms
[2025-08-25T16:53:13.912Z] GET /api/categories 200 1ms
[2025-08-25T16:53:14.639Z] GET /api/categories 200 1ms
[2025-08-25T16:53:17.393Z] GET /api/categories/90cf70ec-0d74-439e-9ab3-6fde1e3a2d10 200 1ms
[2025-08-25T16:53:17.394Z] GET /api/categories/90cf70ec-0d74-439e-9ab3-6fde1e3a2d10 200 1ms
[2025-08-25T16:59:03.045Z] GET /api/categories/90cf70ec-0d74-439e-9ab3-6fde1e3a2d10 200 5ms
[2025-08-25T16:59:03.708Z] GET /api/categories/90cf70ec-0d74-439e-9ab3-6fde1e3a2d10 200 1ms
[2025-08-25T17:02:08.508Z] GET /api/products/details/f262b546-85d5-43bd-b201-f77e96b88eba 200 6ms
[2025-08-25T17:02:09.222Z] GET /api/products/details/f262b546-85d5-43bd-b201-f77e96b88eba 200 3ms
[2025-08-25T17:02:09.224Z] GET /api/products/details/f262b546-85d5-43bd-b201-f77e96b88eba 200 3ms
[2025-08-25T17:02:09.681Z] GET /api/products/details/f262b546-85d5-43bd-b201-f77e96b88eba 200 2ms
[2025-08-25T17:02:10.195Z] GET /api/products/details/f262b546-85d5-43bd-b201-f77e96b88eba 200 4ms
[2025-08-25T17:02:10.611Z] GET /api/products/details/f262b546-85d5-43bd-b201-f77e96b88eba 200 3ms
